<?xml version="1.0" encoding="UTF-8"?>
<testExecutions version="1">
  <file path="/Users/utukku/Sandbox Projects/keepadoo-v3/keepadoo/src/app/core/tmdb.service.spec.ts">
    <testCase name="TMDBService should be created" duration="39"/>
    <testCase name="TMDBService should get movie search results from tmdb" duration="15"/>
    <testCase name="TMDBService should filter movie search results without a poster from tmdb" duration="13"/>
    <testCase name="TMDBService should discover popular movies on tmdb" duration="11"/>
    <testCase name="TMDBService should filter discover results without a poster from tmdb" duration="8"/>
    <testCase name="TMDBService should get tv search results from tmdb" duration="10"/>
    <testCase name="TMDBService should filter tv search results without a poster from tmdb" duration="8"/>
  </file>
</testExecutions>